<?xml version="1.0" encoding="UTF-8"?>
<!-- Generated by org.testng.reporters.JUnitReportReporter -->
<testsuite hostname="DESKTOP-S1P5SNO" failures="0" tests="1" name="com.baitap.Flow4" time="25.993" errors="0" timestamp="23 Apr 2021 03:38:25 GMT" skipped="0">
  <testcase classname="com.baitap.Flow4" name="Testflow4" time="25.993"/>
</testsuite> <!-- com.baitap.Flow4 -->
