<?xml version="1.0" encoding="UTF-8"?>
<!-- Generated by org.testng.reporters.JUnitReportReporter -->
<testsuite hostname="DESKTOP-S1P5SNO" failures="0" tests="1" name="com.finalProject.Samp3" time="10.373" errors="0" timestamp="10 May 2021 07:41:17 GMT" skipped="0">
  <testcase classname="com.finalProject.Samp3" name="samp3" time="10.373"/>
</testsuite> <!-- com.finalProject.Samp3 -->
