<?xml version="1.0" encoding="UTF-8"?>
<!-- Generated by org.testng.reporters.JUnitReportReporter -->
<testsuite hostname="DESKTOP-S1P5SNO" failures="0" tests="1" name="com.baitap.Bai10" time="2.796" errors="0" timestamp="22 Apr 2021 08:56:10 GMT" skipped="0">
  <testcase classname="com.baitap.Bai10" name="Test" time="2.796"/>
</testsuite> <!-- com.baitap.Bai10 -->
