<?xml version="1.0" encoding="UTF-8"?>
<!-- Generated by org.testng.reporters.JUnitReportReporter -->
<testsuite hostname="DESKTOP-S1P5SNO" failures="0" tests="10" name="com.finalProject.RunAllProject" time="100.892" errors="0" timestamp="11 May 2021 07:44:46 GMT" skipped="0">
  <testcase classname="com.finalProject.RunAllProject" name="bai1" time="6.769"/>
  <testcase classname="com.finalProject.RunAllProject" name="bai3" time="7.574"/>
  <testcase classname="com.finalProject.RunAllProject" name="bai7" time="8.404"/>
  <testcase classname="com.finalProject.RunAllProject" name="bai4" time="4.459"/>
  <testcase classname="com.finalProject.RunAllProject" name="bai10" time="4.340"/>
  <testcase classname="com.finalProject.RunAllProject" name="bai11" time="10.468"/>
  <testcase classname="com.finalProject.RunAllProject" name="bai13" time="35.060"/>
  <testcase classname="com.finalProject.RunAllProject" name="bai14" time="10.735"/>
  <testcase classname="com.finalProject.RunAllProject" name="bai5" time="4.177"/>
  <testcase classname="com.finalProject.RunAllProject" name="bai6" time="8.906"/>
</testsuite> <!-- com.finalProject.RunAllProject -->
