<?xml version="1.0" encoding="UTF-8"?>
<!-- Generated by org.testng.reporters.JUnitReportReporter -->
<testsuite hostname="DESKTOP-S1P5SNO" failures="0" tests="1" name="com.finalProject.Samp14" time="13.556" errors="0" timestamp="11 May 2021 02:17:44 GMT" skipped="0">
  <testcase classname="com.finalProject.Samp14" name="writeCommentToFriend" time="13.556"/>
</testsuite> <!-- com.finalProject.Samp14 -->
