<?xml version="1.0" encoding="UTF-8"?>
<!-- Generated by org.testng.reporters.JUnitReportReporter -->
<testsuite hostname="DESKTOP-S1P5SNO" failures="0" tests="1" name="com.selenium.test.UploadFile" time="9.190" errors="0" timestamp="2021-04-14T14:41:01 ICT" skipped="0">
  <testcase classname="com.selenium.test.UploadFile" name="upLoadFile" time="9.190"/>
  <system-out/>
</testsuite> <!-- com.selenium.test.UploadFile -->
