<?xml version="1.0" encoding="UTF-8"?>
<!-- Generated by org.testng.reporters.JUnitReportReporter -->
<testsuite hostname="DESKTOP-S1P5SNO" failures="0" tests="6" name="com.finalProject.RunInChrome" time="44.090" errors="0" timestamp="11 May 2021 07:24:45 GMT" skipped="0">
  <testcase classname="com.finalProject.RunInChrome" name="bai4" time="9.295"/>
  <testcase classname="com.finalProject.RunInChrome" name="bai3" time="10.025"/>
  <testcase classname="com.finalProject.RunInChrome" name="bai6" time="6.244"/>
  <testcase classname="com.finalProject.RunInChrome" name="bai7" time="6.274"/>
  <testcase classname="com.finalProject.RunInChrome" name="bai1" time="7.901"/>
  <testcase classname="com.finalProject.RunInChrome" name="bai5" time="4.351"/>
</testsuite> <!-- com.finalProject.RunInChrome -->
