<?xml version="1.0" encoding="UTF-8"?>
<!-- Generated by org.testng.reporters.JUnitReportReporter -->
<testsuite hostname="DESKTOP-S1P5SNO" failures="0" tests="1" name="com.finalProject.grid" time="15.947" errors="0" timestamp="07 May 2021 03:12:43 GMT" skipped="0">
  <testcase classname="com.finalProject.grid" name="testGrid" time="15.947"/>
</testsuite> <!-- com.finalProject.grid -->
