<?xml version="1.0" encoding="UTF-8"?>
<!-- Generated by org.testng.reporters.JUnitReportReporter -->
<testsuite hostname="DESKTOP-S1P5SNO" failures="0" tests="1" name="com.baitap.Bai6" time="12.473" errors="0" timestamp="22 Apr 2021 03:19:40 GMT" skipped="0">
  <testcase classname="com.baitap.Bai6" name="Search" time="12.473"/>
</testsuite> <!-- com.baitap.Bai6 -->
