<?xml version="1.0" encoding="UTF-8"?>
<!-- Generated by org.testng.reporters.JUnitReportReporter -->
<testsuite hostname="DESKTOP-S1P5SNO" failures="0" tests="2" name="com.mkyong.TestExcelFile" time="0.687" errors="0" timestamp="23 Apr 2021 06:34:59 GMT" skipped="0">
  <testcase classname="com.mkyong.TestExcelFile" name="readExcel" time="0.483"/>
  <testcase classname="com.mkyong.TestExcelFile" name="writeExcel" time="0.204"/>
</testsuite> <!-- com.mkyong.TestExcelFile -->
