<?xml version="1.0" encoding="UTF-8"?>
<!-- Generated by org.testng.reporters.JUnitReportReporter -->
<testsuite hostname="DESKTOP-S1P5SNO" failures="0" tests="1" name="com.baitap.Flow1" time="15.770" errors="0" timestamp="23 Apr 2021 02:04:03 GMT" skipped="0">
  <testcase classname="com.baitap.Flow1" name="TestDowload" time="15.770"/>
</testsuite> <!-- com.baitap.Flow1 -->
