<?xml version="1.0" encoding="UTF-8"?>
<!-- Generated by org.testng.reporters.JUnitReportReporter -->
<testsuite hostname="DESKTOP-S1P5SNO" failures="0" tests="1" name="com.finalProject.Samp11" time="18.256" errors="0" timestamp="10 May 2021 10:15:06 GMT" skipped="0">
  <testcase classname="com.finalProject.Samp11" name="detailItem" time="18.256"/>
</testsuite> <!-- com.finalProject.Samp11 -->
