<?xml version="1.0" encoding="UTF-8"?>
<!-- Generated by org.testng.reporters.JUnitReportReporter -->
<testsuite hostname="DESKTOP-S1P5SNO" failures="0" tests="1" name="com.finalProject.Samp2" time="15.762" errors="0" timestamp="10 May 2021 08:18:06 GMT" skipped="0">
  <testcase classname="com.finalProject.Samp2" name="createAccount" time="15.762"/>
</testsuite> <!-- com.finalProject.Samp2 -->
