<?xml version="1.0" encoding="UTF-8"?>
<!-- Generated by org.testng.reporters.JUnitReportReporter -->
<testsuite hostname="DESKTOP-S1P5SNO" failures="0" tests="1" name="com.finalProject.Samp7" time="7.037" errors="0" timestamp="10 May 2021 08:53:13 GMT" skipped="0">
  <testcase classname="com.finalProject.Samp7" name="search" time="7.037"/>
</testsuite> <!-- com.finalProject.Samp7 -->
