<?xml version="1.0" encoding="UTF-8"?>
<!-- Generated by org.testng.reporters.JUnitReportReporter -->
<testsuite hostname="DESKTOP-S1P5SNO" failures="0" tests="1" name="com.selenium.test.CheckBoxTest" time="16.337" errors="0" timestamp="2021-04-14T09:13:12 ICT" skipped="0">
  <testcase classname="com.selenium.test.CheckBoxTest" name="testCheckBox" time="16.337"/>
  <system-out/>
</testsuite> <!-- com.selenium.test.CheckBoxTest -->
