<?xml version="1.0" encoding="UTF-8"?>
<!-- Generated by org.testng.reporters.JUnitReportReporter -->
<testsuite hostname="DESKTOP-S1P5SNO" failures="0" tests="1" name="com.selenium.test.TestAlert" time="30.698" errors="0" timestamp="23 Apr 2021 04:11:53 GMT" skipped="0">
  <testcase classname="com.selenium.test.TestAlert" name="testAlert" time="30.698"/>
</testsuite> <!-- com.selenium.test.TestAlert -->
