<?xml version="1.0" encoding="UTF-8"?>
<!-- Generated by org.testng.reporters.JUnitReportReporter -->
<testsuite hostname="DESKTOP-S1P5SNO" failures="0" tests="1" name="com.finalProject.Samp5" time="7.932" errors="0" timestamp="10 May 2021 08:31:13 GMT" skipped="0">
  <testcase classname="com.finalProject.Samp5" name="Search" time="7.932"/>
</testsuite> <!-- com.finalProject.Samp5 -->
