<?xml version="1.0" encoding="UTF-8"?>
<!-- Generated by org.testng.reporters.JUnitReportReporter -->
<testsuite hostname="DESKTOP-S1P5SNO" failures="0" tests="2" name="com.pop.test.LoginTest" time="22.739" errors="0" timestamp="29 Apr 2021 02:02:22 GMT" skipped="0">
  <testcase classname="com.pop.test.LoginTest" name="testLogin" time="11.544"/>
  <testcase classname="com.pop.test.LoginTest" name="testLogin" time="11.195"/>
</testsuite> <!-- com.pop.test.LoginTest -->
