<?xml version="1.0" encoding="UTF-8"?>
<!-- Generated by org.testng.reporters.JUnitReportReporter -->
<testsuite hostname="DESKTOP-S1P5SNO" failures="0" tests="1" name="com.baitap.Flow2" time="7.860" errors="0" timestamp="23 Apr 2021 02:39:49 GMT" skipped="0">
  <testcase classname="com.baitap.Flow2" name="TestFlow2" time="7.860"/>
</testsuite> <!-- com.baitap.Flow2 -->
