<?xml version="1.0" encoding="UTF-8"?>
<!-- Generated by org.testng.reporters.JUnitReportReporter -->
<testsuite hostname="DESKTOP-S1P5SNO" failures="0" tests="1" name="com.selenium.test.DropDownList" time="15.358" errors="0" timestamp="2021-04-14T13:31:15 ICT" skipped="0">
  <testcase classname="com.selenium.test.DropDownList" name="testDropDown" time="15.358"/>
  <system-out/>
</testsuite> <!-- com.selenium.test.DropDownList -->
