<?xml version="1.0" encoding="UTF-8"?>
<!-- Generated by org.testng.reporters.JUnitReportReporter -->
<testsuite hostname="DESKTOP-S1P5SNO" failures="0" tests="1" name="com.baitap.Bai9" time="7.688" errors="0" timestamp="22 Apr 2021 07:39:46 GMT" skipped="0">
  <testcase classname="com.baitap.Bai9" name="dateTimePicker" time="7.688"/>
</testsuite> <!-- com.baitap.Bai9 -->
