<?xml version="1.0" encoding="UTF-8"?>
<!-- Generated by org.testng.reporters.JUnitReportReporter -->
<testsuite hostname="DESKTOP-S1P5SNO" failures="0" tests="1" name="com.baitap.Bai1" time="17.025" errors="0" timestamp="20 Apr 2021 08:48:45 GMT" skipped="0">
  <testcase classname="com.baitap.Bai1" name="tong" time="17.025"/>
</testsuite> <!-- com.baitap.Bai1 -->
