<?xml version="1.0" encoding="UTF-8"?>
<!-- Generated by org.testng.reporters.JUnitReportReporter -->
<testsuite hostname="DESKTOP-S1P5SNO" failures="0" tests="1" name="com.finalProject.Samp13" time="27.252" errors="0" timestamp="11 May 2021 03:04:12 GMT" skipped="0">
  <testcase classname="com.finalProject.Samp13" name="writeComment" time="27.252"/>
</testsuite> <!-- com.finalProject.Samp13 -->
