<?xml version="1.0" encoding="UTF-8"?>
<!-- Generated by org.testng.reporters.JUnitReportReporter -->
<testsuite hostname="DESKTOP-S1P5SNO" failures="0" tests="1" name="com.finalProject.MainChrome" time="6.403" errors="0" timestamp="11 May 2021 04:40:32 GMT" skipped="0">
  <testcase classname="com.finalProject.MainChrome" name="f" time="6.403"/>
</testsuite> <!-- com.finalProject.MainChrome -->
