<?xml version="1.0" encoding="UTF-8"?>
<!-- Generated by org.testng.reporters.JUnitReportReporter -->
<testsuite hostname="DESKTOP-S1P5SNO" failures="0" tests="1" name="com.baitap.Bai11" time="6.060" errors="0" timestamp="22 Apr 2021 09:10:19 GMT" skipped="0">
  <testcase classname="com.baitap.Bai11" name="TestCheck" time="6.060"/>
</testsuite> <!-- com.baitap.Bai11 -->
