<?xml version="1.0" encoding="UTF-8"?>
<!-- Generated by org.testng.reporters.JUnitReportReporter -->
<testsuite hostname="DESKTOP-S1P5SNO" failures="0" tests="1" name="com.baitap.Bai3" time="9.631" errors="0" timestamp="20 Apr 2021 08:54:17 GMT" skipped="0">
  <testcase classname="com.baitap.Bai3" name="testRadioSexAndAge" time="9.631"/>
</testsuite> <!-- com.baitap.Bai3 -->
