<?xml version="1.0" encoding="UTF-8"?>
<!-- Generated by org.testng.reporters.JUnitReportReporter -->
<testsuite hostname="DESKTOP-S1P5SNO" failures="0" tests="1" name="com.finalProject.Samp4" time="39.127" errors="0" timestamp="10 May 2021 08:14:43 GMT" skipped="0">
  <testcase classname="com.finalProject.Samp4" name="contactUs" time="39.127"/>
</testsuite> <!-- com.finalProject.Samp4 -->
