<?xml version="1.0" encoding="UTF-8"?>
<!-- Generated by org.testng.reporters.JUnitReportReporter -->
<testsuite hostname="DESKTOP-S1P5SNO" failures="0" tests="1" name="com.finalProject.Samp1" time="7.528" errors="0" timestamp="11 May 2021 07:34:28 GMT" skipped="0">
  <testcase classname="com.finalProject.Samp1" name="createAccount" time="7.528"/>
</testsuite> <!-- com.finalProject.Samp1 -->
