<?xml version="1.0" encoding="UTF-8"?>
<!-- Generated by org.testng.reporters.JUnitReportReporter -->
<testsuite hostname="DESKTOP-S1P5SNO" failures="0" tests="1" name="com.baitap.Bai5" time="9.598" errors="0" timestamp="22 Apr 2021 02:41:03 GMT" skipped="0">
  <testcase classname="com.baitap.Bai5" name="DragAndDrop" time="9.598"/>
</testsuite> <!-- com.baitap.Bai5 -->
