<?xml version="1.0" encoding="UTF-8"?>
<!-- Generated by org.testng.reporters.JUnitReportReporter -->
<testsuite hostname="DESKTOP-S1P5SNO" failures="0" tests="2" name="com.selenium.test.FirstTest" time="32.342" errors="0" timestamp="20 Apr 2021 08:20:46 GMT" skipped="0">
  <testcase classname="com.selenium.test.FirstTest" name="findGetText" time="4.215"/>
  <testcase classname="com.selenium.test.FirstTest" name="openSite" time="28.127"/>
</testsuite> <!-- com.selenium.test.FirstTest -->
