<?xml version="1.0" encoding="UTF-8"?>
<!-- Generated by org.testng.reporters.JUnitReportReporter -->
<testsuite hostname="DESKTOP-S1P5SNO" failures="0" tests="1" name="com.baitap.Bai7" time="9.762" errors="0" timestamp="22 Apr 2021 04:52:43 GMT" skipped="0">
  <testcase classname="com.baitap.Bai7" name="SignUp" time="9.762"/>
</testsuite> <!-- com.baitap.Bai7 -->
