<?xml version="1.0" encoding="UTF-8"?>
<!-- Generated by org.testng.reporters.JUnitReportReporter -->
<testsuite hostname="DESKTOP-S1P5SNO" failures="0" tests="2" name="com.baitap.Bai8" time="19.885" errors="0" timestamp="22 Apr 2021 07:21:40 GMT" skipped="0">
  <testcase classname="com.baitap.Bai8" name="SearchNewYork" time="11.904"/>
  <testcase classname="com.baitap.Bai8" name="SearchTokyo" time="7.981"/>
</testsuite> <!-- com.baitap.Bai8 -->
