<?xml version="1.0" encoding="UTF-8"?>
<!-- Generated by org.testng.reporters.JUnitReportReporter -->
<testsuite hostname="DESKTOP-S1P5SNO" failures="0" tests="1" name="com.selenium.test.KeyboardTest" time="37.396" errors="0" timestamp="20 Apr 2021 08:22:35 GMT" skipped="0">
  <testcase classname="com.selenium.test.KeyboardTest" name="testKeyboard" time="37.396"/>
</testsuite> <!-- com.selenium.test.KeyboardTest -->
