<?xml version="1.0" encoding="UTF-8"?>
<!-- Generated by org.testng.reporters.JUnitReportReporter -->
<testsuite hostname="DESKTOP-S1P5SNO" failures="0" tests="1" name="com.finalProject.Samp6" time="10.139" errors="0" timestamp="10 May 2021 08:41:49 GMT" skipped="0">
  <testcase classname="com.finalProject.Samp6" name="search" time="10.139"/>
</testsuite> <!-- com.finalProject.Samp6 -->
